<?xml version="1.0" encoding="UTF-8"?>
<!-- Generated by org.testng.reporters.JUnitReportReporter -->
<testsuite skipped="0" hostname="MININT-HAVGISG" name="com.testcases.RestAssuredTest" tests="1" failures="0" timestamp="10 May 2017 18:02:26 GMT" time="10.359" errors="0">
  <testcase name="makeSureThatWebsiteIsUp" time="10.359" classname="com.testcases.RestAssuredTest"/>
</testsuite> <!-- com.testcases.RestAssuredTest -->
